<?xml version="1.0" encoding="UTF-8"?>
<coverage generated="1741196648372" clover="3.2.0">
  <project timestamp="1741196648372" name="All files">
    <metrics statements="18" coveredstatements="18" conditionals="2" coveredconditionals="2" methods="12" coveredmethods="12" elements="32" coveredelements="32" complexity="0" loc="18" ncloc="18" packages="1" files="4" classes="4"/>
    <file name="asyncTesting.js" path="/Users/ievabaryte/Desktop/mokymu-medziaga-2/11-js-jest/1-paskaita/asyncTesting.js">
      <metrics statements="3" coveredstatements="3" conditionals="0" coveredconditionals="0" methods="3" coveredmethods="3"/>
      <line num="2" count="1" type="stmt"/>
      <line num="3" count="1" type="stmt"/>
      <line num="7" count="1" type="stmt"/>
    </file>
    <file name="examplesTesting.js" path="/Users/ievabaryte/Desktop/mokymu-medziaga-2/11-js-jest/1-paskaita/examplesTesting.js">
      <metrics statements="8" coveredstatements="8" conditionals="2" coveredconditionals="2" methods="4" coveredmethods="4"/>
      <line num="1" count="1" type="stmt"/>
      <line num="4" count="2" type="stmt"/>
      <line num="8" count="2" type="stmt"/>
      <line num="9" count="2" type="stmt"/>
      <line num="10" count="2" type="cond" truecount="2" falsecount="0"/>
      <line num="11" count="1" type="stmt"/>
      <line num="13" count="2" type="stmt"/>
      <line num="22" count="1" type="stmt"/>
    </file>
    <file name="functionTesting.js" path="/Users/ievabaryte/Desktop/mokymu-medziaga-2/11-js-jest/1-paskaita/functionTesting.js">
      <metrics statements="4" coveredstatements="4" conditionals="0" coveredconditionals="0" methods="3" coveredmethods="3"/>
      <line num="2" count="2" type="stmt"/>
      <line num="6" count="1" type="stmt"/>
      <line num="10" count="1" type="stmt"/>
      <line num="13" count="1" type="stmt"/>
    </file>
    <file name="objectTesting.js" path="/Users/ievabaryte/Desktop/mokymu-medziaga-2/11-js-jest/1-paskaita/objectTesting.js">
      <metrics statements="3" coveredstatements="3" conditionals="0" coveredconditionals="0" methods="2" coveredmethods="2"/>
      <line num="2" count="1" type="stmt"/>
      <line num="8" count="1" type="stmt"/>
      <line num="14" count="1" type="stmt"/>
    </file>
  </project>
</coverage>
